<?xml version="1.0" encoding="UTF-8"?>
<!-- Generated by org.testng.reporters.JUnitReportReporter -->
<testsuite hostname="CPDK109" failures="0" tests="1" name="TestNGClasses.Screenshot" time="10.971" errors="0" timestamp="2025-08-25T09:43:47 IST" skipped="0">
  <testcase classname="TestNGClasses.Screenshot" name="f" time="10.971"/>
</testsuite> <!-- TestNGClasses.Screenshot -->
