<?xml version="1.0" encoding="UTF-8"?>
<!-- Generated by org.testng.reporters.JUnitReportReporter -->
<testsuite hostname="CPDK109" failures="0" tests="1" name="TestNGClasses.Testrail_Demo" time="48.124" errors="0" timestamp="2025-08-28T18:48:27 IST" skipped="0">
  <testcase classname="TestNGClasses.Testrail_Demo" name="login" time="48.124"/>
</testsuite> <!-- TestNGClasses.Testrail_Demo -->
