<?xml version="1.0" encoding="UTF-8"?>
<!-- Generated by org.testng.reporters.JUnitReportReporter -->
<testsuite hostname="CPDK109" failures="0" tests="1" name="TestNGClasses.AutomateWebpage" time="18.851" errors="0" timestamp="2025-08-21T10:57:16 IST" skipped="0">
  <testcase classname="TestNGClasses.AutomateWebpage" name="login" time="18.851"/>
</testsuite> <!-- TestNGClasses.AutomateWebpage -->
