<?xml version="1.0" encoding="UTF-8"?>
<!-- Generated by org.testng.reporters.JUnitReportReporter -->
<testsuite hostname="CPDK109" failures="0" tests="4" name="TestNGClasses.GroupTestNG" time="0.092" errors="0" timestamp="2025-08-22T12:49:29 IST" skipped="0">
  <testcase classname="TestNGClasses.GroupTestNG" name="f3" time="0.024"/>
  <testcase classname="TestNGClasses.GroupTestNG" name="f1" time="0.023"/>
  <testcase classname="TestNGClasses.GroupTestNG" name="f7" time="0.023"/>
  <testcase classname="TestNGClasses.GroupTestNG" name="f5" time="0.022"/>
</testsuite> <!-- TestNGClasses.GroupTestNG -->
