<?xml version="1.0" encoding="UTF-8"?>
<!-- Generated by org.testng.reporters.JUnitReportReporter -->
<testsuite hostname="CPDK109" failures="0" tests="2" name="TestNGClasses.DataProviderTask" time="29.949" errors="0" timestamp="2025-08-22T10:43:41 IST" skipped="0">
  <testcase classname="TestNGClasses.DataProviderTask" name="f" time="13.909"/>
  <testcase classname="TestNGClasses.DataProviderTask" name="f" time="16.040"/>
</testsuite> <!-- TestNGClasses.DataProviderTask -->
