<?xml version="1.0" encoding="UTF-8"?>
<!-- Generated by org.testng.reporters.JUnitReportReporter -->
<testsuite hostname="CPDK109" failures="0" tests="2" name="TestNGClasses.ValidInvalidLogin" time="2.879" errors="0" timestamp="2025-08-21T12:24:40 IST" skipped="0">
  <testcase classname="TestNGClasses.ValidInvalidLogin" name="invalid" time="0.944"/>
  <testcase classname="TestNGClasses.ValidInvalidLogin" name="valid" time="1.935"/>
</testsuite> <!-- TestNGClasses.ValidInvalidLogin -->
