<?xml version="1.0" encoding="UTF-8"?>
<!-- Generated by org.testng.reporters.JUnitReportReporter -->
<testsuite hostname="CPDK109" failures="0" tests="2" name="TestNGClasses.NewTest" time="0.022" errors="0" timestamp="2025-08-21T10:29:57 IST" skipped="0">
  <testcase classname="TestNGClasses.NewTest" name="f" time="0.007"/>
  <testcase classname="TestNGClasses.NewTest" name="M" time="0.015"/>
</testsuite> <!-- TestNGClasses.NewTest -->
