<?xml version="1.0" encoding="UTF-8"?>
<!-- Generated by org.testng.reporters.JUnitReportReporter -->
<testsuite hostname="CPDK109" failures="0" tests="1" name="TestNGClasses.AssertionDemo" time="7.324" errors="0" timestamp="2025-08-22T13:15:19 IST" skipped="0">
  <testcase classname="TestNGClasses.AssertionDemo" name="f" time="7.324"/>
</testsuite> <!-- TestNGClasses.AssertionDemo -->
