<?xml version="1.0" encoding="UTF-8"?>
<!-- Generated by org.testng.reporters.JUnitReportReporter -->
<testsuite hostname="CPDK109" failures="0" tests="1" name="TestNGClasses.CrossBrowserTesting" time="15.410" errors="0" timestamp="2025-08-22T12:11:28 IST" skipped="0">
  <testcase classname="TestNGClasses.CrossBrowserTesting" name="inputs" time="15.410"/>
</testsuite> <!-- TestNGClasses.CrossBrowserTesting -->
