<?xml version="1.0" encoding="UTF-8"?>
<!-- Generated by org.testng.reporters.JUnitReportReporter -->
<testsuite hostname="CPDK109" failures="0" tests="5" name="TestNGClasses.PriorityTestNG" time="0.035" errors="0" timestamp="2025-08-21T11:57:44 IST" skipped="1">
  <testcase classname="TestNGClasses.PriorityTestNG" name="B" time="0.024"/>
  <testcase classname="TestNGClasses.PriorityTestNG" name="C" time="0.004"/>
  <testcase classname="TestNGClasses.PriorityTestNG" name="A" time="0.003"/>
  <testcase classname="TestNGClasses.PriorityTestNG" name="D" time="0.004"/>
  <testcase classname="TestNGClasses.PriorityTestNG" name="E">
    <skipped/>
  </testcase> <!-- E -->
</testsuite> <!-- TestNGClasses.PriorityTestNG -->
