<?xml version="1.0" encoding="UTF-8"?>
<!-- Generated by org.testng.reporters.JUnitReportReporter -->
<testsuite hostname="CPDK109" failures="0" tests="1" name="TestNGClasses.ReadDataFromPropertiesFile" time="9.339" errors="0" timestamp="2025-08-22T14:47:31 IST" skipped="0">
  <testcase classname="TestNGClasses.ReadDataFromPropertiesFile" name="f" time="9.339"/>
</testsuite> <!-- TestNGClasses.ReadDataFromPropertiesFile -->
