<?xml version="1.0" encoding="UTF-8"?>
<!-- Generated by org.testng.reporters.JUnitReportReporter -->
<testsuite hostname="CPDK109" failures="0" tests="1" name="TestNGClasses.NewTest101_Test" time="13.572" errors="0" timestamp="2025-08-22T12:31:37 IST" skipped="0">
  <testcase classname="TestNGClasses.NewTest101_Test" name="loginedge" time="13.572"/>
</testsuite> <!-- TestNGClasses.NewTest101_Test -->
